<?xml version="1.0" encoding="UTF-8"?>
<!-- Generated by org.testng.reporters.JUnitXMLReporter -->
<testsuite hostname="preyas-r" ignored="0" name="Default test" tests="3" failures="0" timestamp="2022-05-17T15:21:56 IST" time="3.927" errors="0">
  <testcase name="getdata" time="3.316" classname="API_Tests.testExample"/>
  <testcase name="gettest1" time="0.237" classname="API_Tests.testExample"/>
  <testcase name="gettest2" time="0.328" classname="API_Tests.testExample"/>
</testsuite> <!-- Default test -->
