<?xml version="1.0" encoding="UTF-8"?>
<!-- Generated by org.testng.reporters.JUnitXMLReporter -->
<testsuite hostname="preyas-r" ignored="0" name="Default test" tests="3" failures="1" timestamp="2022-04-28T10:49:35 IST" time="128.81" errors="0">
  <testcase name="runScenario" time="18.609" classname="io.cucumber.testng.AbstractTestNGCucumberTests">
    <failure type="org.openqa.selenium.NoSuchWindowException" message="no such window: target window already closed
from unknown error: web view not found
  (Session info: chrome=101.0.4951.41)
Build info: version: &amp;apos;4.1.3&amp;apos;, revision: &amp;apos;7b1ebf28ef&amp;apos;
System info: host: &amp;apos;preyas-r&amp;apos;, ip: &amp;apos;127.0.1.1&amp;apos;, os.name: &amp;apos;Linux&amp;apos;, os.arch: &amp;apos;amd64&amp;apos;, os.version: &amp;apos;5.13.0-40-generic&amp;apos;, java.version: &amp;apos;1.8.0_212&amp;apos;
Driver info: org.openqa.selenium.chrome.ChromeDriver
Command: [485f8a5b317e9c545a7743dfe327047c, findElement {using=xpath, value=//ul[@id=&amp;apos;main-nav&amp;apos;]//li//a[contains(text(),&amp;apos;My Account&amp;apos;)]}]
Capabilities {acceptInsecureCerts: false, browserName: chrome, browserVersion: 101.0.4951.41, chrome: {chromedriverVersion: 100.0.4896.60 (6a5d10861ce8..., userDataDir: /tmp/.com.google.Chrome.CM4IU4}, goog:chromeOptions: {debuggerAddress: localhost:35405}, javascriptEnabled: true, networkConnectionEnabled: false, pageLoadStrategy: normal, platform: LINUX, platformName: LINUX, proxy: Proxy(), se:cdp: ws://localhost:35405/devtoo..., se:cdpVersion: 101.0.4951.41, setWindowRect: true, strictFileInteractability: false, timeouts: {implicit: 0, pageLoad: 300000, script: 30000}, unhandledPromptBehavior: dismiss and notify, webauthn:extension:credBlob: true, webauthn:extension:largeBlob: true, webauthn:virtualAuthenticators: true}
Session ID: 485f8a5b317e9c545a7743dfe327047c">
      <![CDATA[org.openqa.selenium.NoSuchWindowException: no such window: target window already closed
from unknown error: web view not found
  (Session info: chrome=101.0.4951.41)
Build info: version: '4.1.3', revision: '7b1ebf28ef'
System info: host: 'preyas-r', ip: '127.0.1.1', os.name: 'Linux', os.arch: 'amd64', os.version: '5.13.0-40-generic', java.version: '1.8.0_212'
Driver info: org.openqa.selenium.chrome.ChromeDriver
Command: [485f8a5b317e9c545a7743dfe327047c, findElement {using=xpath, value=//ul[@id='main-nav']//li//a[contains(text(),'My Account')]}]
Capabilities {acceptInsecureCerts: false, browserName: chrome, browserVersion: 101.0.4951.41, chrome: {chromedriverVersion: 100.0.4896.60 (6a5d10861ce8..., userDataDir: /tmp/.com.google.Chrome.CM4IU4}, goog:chromeOptions: {debuggerAddress: localhost:35405}, javascriptEnabled: true, networkConnectionEnabled: false, pageLoadStrategy: normal, platform: LINUX, platformName: LINUX, proxy: Proxy(), se:cdp: ws://localhost:35405/devtoo..., se:cdpVersion: 101.0.4951.41, setWindowRect: true, strictFileInteractability: false, timeouts: {implicit: 0, pageLoad: 300000, script: 30000}, unhandledPromptBehavior: dismiss and notify, webauthn:extension:credBlob: true, webauthn:extension:largeBlob: true, webauthn:virtualAuthenticators: true}
Session ID: 485f8a5b317e9c545a7743dfe327047c
at sun.reflect.GeneratedConstructorAccessor19.newInstance(Unknown Source)
at sun.reflect.DelegatingConstructorAccessorImpl.newInstance(DelegatingConstructorAccessorImpl.java:45)
at java.lang.reflect.Constructor.newInstance(Constructor.java:423)
at org.openqa.selenium.remote.codec.w3c.W3CHttpResponseCodec.createException(W3CHttpResponseCodec.java:200)
at org.openqa.selenium.remote.codec.w3c.W3CHttpResponseCodec.decode(W3CHttpResponseCodec.java:133)
at org.openqa.selenium.remote.codec.w3c.W3CHttpResponseCodec.decode(W3CHttpResponseCodec.java:53)
at org.openqa.selenium.remote.HttpCommandExecutor.execute(HttpCommandExecutor.java:184)
at org.openqa.selenium.remote.service.DriverCommandExecutor.invokeExecute(DriverCommandExecutor.java:167)
at org.openqa.selenium.remote.service.DriverCommandExecutor.execute(DriverCommandExecutor.java:142)
at org.openqa.selenium.remote.RemoteWebDriver.execute(RemoteWebDriver.java:567)
at org.openqa.selenium.remote.ElementLocation$ElementFinder$2.findElement(ElementLocation.java:162)
at org.openqa.selenium.remote.ElementLocation.findElement(ElementLocation.java:60)
at org.openqa.selenium.remote.RemoteWebDriver.findElement(RemoteWebDriver.java:385)
at org.openqa.selenium.remote.RemoteWebDriver.findElement(RemoteWebDriver.java:377)
at org.openqa.selenium.support.pagefactory.DefaultElementLocator.findElement(DefaultElementLocator.java:70)
at org.openqa.selenium.support.pagefactory.internal.LocatingElementHandler.invoke(LocatingElementHandler.java:39)
at com.sun.proxy.$Proxy29.toString(Unknown Source)
at java.lang.String.valueOf(String.java:2994)
at java.lang.StringBuilder.append(StringBuilder.java:131)
at org.openqa.selenium.support.ui.ExpectedConditions$23.toString(ExpectedConditions.java:673)
at java.lang.String.valueOf(String.java:2994)
at java.lang.StringBuilder.append(StringBuilder.java:131)
at org.openqa.selenium.support.ui.FluentWait.until(FluentWait.java:229)
at Utility.testbase.waitForWebElementIsClickable(testbase.java:37)
at Utility.testbase.isClickable(testbase.java:63)
at Pages.Register_page.click_on_Myaccount(Register_page.java:60)
at StepDefinition.RegisterSteps.user_click_on_myaccount_link(RegisterSteps.java:44)
at ✽.user click on Myaccount link(file:///home/preyas.r@ah.zymrinc.com/Desktop/preyas/Cucumber_project_TestNG-master/src/test/resources/Features/login/001.login.feature:10)
]]>
    </failure>
  </testcase> <!-- runScenario -->
  <testcase name="runScenario" time="50.612" classname="io.cucumber.testng.AbstractTestNGCucumberTests"/>
  <testcase name="runScenario" time="53.907" classname="io.cucumber.testng.AbstractTestNGCucumberTests"/>
</testsuite> <!-- Default test -->
