<?xml version="1.0" encoding="UTF-8"?>
<testng-results skipped="0" failed="0" ignored="0" total="6" passed="6">
  <reporter-output>
  </reporter-output>
  <suite name="Suite" duration-ms="301208" started-at="2022-04-29T10:56:50 IST" finished-at="2022-04-29T11:01:51 IST">
    <groups>
      <group name="cucumber">
        <method signature="AbstractTestNGCucumberTests.runScenario(io.cucumber.testng.PickleWrapper,io.cucumber.testng.FeatureWrapper)[pri:0, instance:Runners.Login_TestRunner@462d5aee]" name="runScenario" class="io.cucumber.testng.AbstractTestNGCucumberTests"/>
        <method signature="AbstractTestNGCucumberTests.runScenario(io.cucumber.testng.PickleWrapper,io.cucumber.testng.FeatureWrapper)[pri:0, instance:Runners.MyAccount_Runner@4671e53b]" name="runScenario" class="io.cucumber.testng.AbstractTestNGCucumberTests"/>
      </group> <!-- cucumber -->
    </groups>
    <test name="Test" duration-ms="301208" started-at="2022-04-29T10:56:50 IST" finished-at="2022-04-29T11:01:51 IST">
      <class name="Runners.Login_TestRunner">
        <test-method status="PASS" signature="setUpClass(org.testng.ITestContext)[pri:0, instance:Runners.Login_TestRunner@462d5aee]" name="setUpClass" is-config="true" duration-ms="725" started-at="2022-04-29T10:56:50 IST" finished-at="2022-04-29T10:56:50 IST">
          <params>
            <param index="0">
              <value>
                <![CDATA[org.testng.TestRunner@3fd33f48]]>
              </value>
            </param>
          </params>
          <reporter-output>
          </reporter-output>
        </test-method> <!-- setUpClass -->
        <test-method status="PASS" signature="runScenario(io.cucumber.testng.PickleWrapper,io.cucumber.testng.FeatureWrapper)[pri:0, instance:Runners.Login_TestRunner@462d5aee]" name="runScenario" duration-ms="40550" started-at="2022-04-29T10:56:50 IST" description="Runs Cucumber Scenarios" data-provider="scenarios" finished-at="2022-04-29T10:57:31 IST">
          <params>
            <param index="0">
              <value>
                <![CDATA["check login is successfully with valid credentails"]]>
              </value>
            </param>
            <param index="1">
              <value>
                <![CDATA["feature to login test functionality"]]>
              </value>
            </param>
          </params>
          <reporter-output>
          </reporter-output>
        </test-method> <!-- runScenario -->
        <test-method status="PASS" signature="tearDownClass()[pri:0, instance:Runners.Login_TestRunner@462d5aee]" name="tearDownClass" is-config="true" duration-ms="4467" started-at="2022-04-29T10:57:31 IST" finished-at="2022-04-29T10:57:36 IST">
          <reporter-output>
          </reporter-output>
        </test-method> <!-- tearDownClass -->
      </class> <!-- Runners.Login_TestRunner -->
      <class name="Runners.MyAccount_Runner">
        <test-method status="PASS" signature="setUpClass(org.testng.ITestContext)[pri:0, instance:Runners.MyAccount_Runner@4671e53b]" name="setUpClass" is-config="true" duration-ms="90" started-at="2022-04-29T10:57:36 IST" finished-at="2022-04-29T10:57:36 IST">
          <params>
            <param index="0">
              <value>
                <![CDATA[org.testng.TestRunner@3fd33f48]]>
              </value>
            </param>
          </params>
          <reporter-output>
          </reporter-output>
        </test-method> <!-- setUpClass -->
        <test-method status="PASS" signature="runScenario(io.cucumber.testng.PickleWrapper,io.cucumber.testng.FeatureWrapper)[pri:0, instance:Runners.MyAccount_Runner@4671e53b]" name="runScenario" duration-ms="45016" started-at="2022-04-29T10:57:36 IST" description="Runs Cucumber Scenarios" data-provider="scenarios" finished-at="2022-04-29T10:58:21 IST">
          <params>
            <param index="0">
              <value>
                <![CDATA["Update my account page related info"]]>
              </value>
            </param>
            <param index="1">
              <value>
                <![CDATA["feature to My account Page on Account Details functionality"]]>
              </value>
            </param>
          </params>
          <reporter-output>
          </reporter-output>
        </test-method> <!-- runScenario -->
        <test-method status="PASS" signature="runScenario(io.cucumber.testng.PickleWrapper,io.cucumber.testng.FeatureWrapper)[pri:0, instance:Runners.MyAccount_Runner@4671e53b]" name="runScenario" duration-ms="45797" started-at="2022-04-29T10:58:21 IST" description="Runs Cucumber Scenarios" data-provider="scenarios" finished-at="2022-04-29T10:59:06 IST">
          <params>
            <param index="0">
              <value>
                <![CDATA["Verify My account page for billing address functionality"]]>
              </value>
            </param>
            <param index="1">
              <value>
                <![CDATA["feature to My account Page on Address(billing/shipping) functionality"]]>
              </value>
            </param>
          </params>
          <reporter-output>
          </reporter-output>
        </test-method> <!-- runScenario -->
        <test-method status="PASS" signature="runScenario(io.cucumber.testng.PickleWrapper,io.cucumber.testng.FeatureWrapper)[pri:0, instance:Runners.MyAccount_Runner@4671e53b]" name="runScenario" duration-ms="60436" started-at="2022-04-29T10:59:06 IST" description="Runs Cucumber Scenarios" data-provider="scenarios" finished-at="2022-04-29T11:00:07 IST">
          <params>
            <param index="0">
              <value>
                <![CDATA["Verify billing & Shipping address Edit(navigation) click functionality"]]>
              </value>
            </param>
            <param index="1">
              <value>
                <![CDATA["feature to My account Page on Address(billing/shipping) functionality"]]>
              </value>
            </param>
          </params>
          <reporter-output>
          </reporter-output>
        </test-method> <!-- runScenario -->
        <test-method status="PASS" signature="runScenario(io.cucumber.testng.PickleWrapper,io.cucumber.testng.FeatureWrapper)[pri:0, instance:Runners.MyAccount_Runner@4671e53b]" name="runScenario" duration-ms="45361" started-at="2022-04-29T11:00:07 IST" description="Runs Cucumber Scenarios" data-provider="scenarios" finished-at="2022-04-29T11:00:52 IST">
          <params>
            <param index="0">
              <value>
                <![CDATA["Verify billing address on by default country functionality"]]>
              </value>
            </param>
            <param index="1">
              <value>
                <![CDATA["feature to My account Page on Address(billing/shipping) functionality"]]>
              </value>
            </param>
          </params>
          <reporter-output>
          </reporter-output>
        </test-method> <!-- runScenario -->
        <test-method status="PASS" signature="runScenario(io.cucumber.testng.PickleWrapper,io.cucumber.testng.FeatureWrapper)[pri:0, instance:Runners.MyAccount_Runner@4671e53b]" name="runScenario" duration-ms="55139" started-at="2022-04-29T11:00:52 IST" description="Runs Cucumber Scenarios" data-provider="scenarios" finished-at="2022-04-29T11:01:47 IST">
          <params>
            <param index="0">
              <value>
                <![CDATA["Verify country dropdown functionality"]]>
              </value>
            </param>
            <param index="1">
              <value>
                <![CDATA["feature to My account Page on Address(billing/shipping) functionality"]]>
              </value>
            </param>
          </params>
          <reporter-output>
          </reporter-output>
        </test-method> <!-- runScenario -->
        <test-method status="PASS" signature="tearDownClass()[pri:0, instance:Runners.MyAccount_Runner@4671e53b]" name="tearDownClass" is-config="true" duration-ms="3582" started-at="2022-04-29T11:01:47 IST" finished-at="2022-04-29T11:01:51 IST">
          <reporter-output>
          </reporter-output>
        </test-method> <!-- tearDownClass -->
      </class> <!-- Runners.MyAccount_Runner -->
    </test> <!-- Test -->
  </suite> <!-- Suite -->
</testng-results>
