<?xml version="1.0" encoding="UTF-8"?>
<testsuite xmlns:xsi="http://www.w3.org/2001/XMLSchema-instance" xsi:noNamespaceSchemaLocation="https://maven.apache.org/surefire/maven-surefire-plugin/xsd/surefire-test-report-3.0.xsd" version="3.0" name="TestSuite" time="301.805" tests="6" errors="0" skipped="0" failures="0">
  <properties>
[...]
</properties>
  <testcase name="runScenario[&quot;check login is successfully with valid credentails&quot;, &quot;feature to login test functionality&quot;](1)" classname="Runners.Login_TestRunner" time="40.663">
    <system-out><![CDATA[
@feature @smoketest
Scenario: check login is successfully with valid credentails # src/test/resources/Features/login/001.login.feature:8
browser value is: chrome
==========  Register Page Functionality =============
Inside Steps - user is on Home Page
  Given user is on Home Page                                 # StepDefinition.RegisterSteps.user_is_on_home_page()
Inside Steps - user click on Myaccount link
ChromeDriver: chrome on LINUX (fc75a81f9dbedd30f41787bce87b0f88)
  When user click on Myaccount link                          # StepDefinition.RegisterSteps.user_click_on_myaccount_link()
Inside Steps - user navigate to Register Page
My Account – Automation Practice Site
  Then user navigate to Register Page                        # StepDefinition.RegisterSteps.user_navigate_to_Register_Page()
Inside Steps - user has enter emailid & password
WIKVFONQEA@gmail.com wbKW98&^
  When user has enter "<emailid>" & "<password>"             # StepDefinition.LoginSteps.user_has_enter_emailid_password(java.lang.String,java.lang.String)
Inside Steps - click on login button
  And click on login button                                  # StepDefinition.LoginSteps.click_on_login_button()
Inside Steps - user navigate to myaccount page
true
Signout link shows
  Then user navigate to myaccount page                       # StepDefinition.RegisterSteps.user_navigate_to_myaccount_page()
]]></system-out>
    <system-err><![CDATA[Starting ChromeDriver 100.0.4896.60 (6a5d10861ce8de5fce22564658033b43cb7de047-refs/branch-heads/4896@{#875}) on port 38192
Only local connections are allowed.
Please see https://chromedriver.chromium.org/security-considerations for suggestions on keeping ChromeDriver safe.
ChromeDriver was started successfully.
[1651210011.906][WARNING]: This version of ChromeDriver has not been tested with Chrome version 101.
Apr 29, 2022 10:56:52 AM org.openqa.selenium.remote.ProtocolHandshake createSession
INFO: Detected dialect: W3C
Apr 29, 2022 10:56:52 AM org.openqa.selenium.devtools.CdpVersionFinder findNearestMatch
WARNING: Unable to find an exact match for CDP version 101, so returning the closest version found: 99
Apr 29, 2022 10:56:52 AM org.openqa.selenium.devtools.CdpVersionFinder findNearestMatch
INFO: Found CDP implementation for version 101 of 99
]]></system-err>
  </testcase>
  <testcase name="runScenario[&quot;Update my account page related info&quot;, &quot;feature to My account Page on Account Details functionality&quot;](1)" classname="Runners.MyAccount_Runner" time="45.033">
    <system-out><![CDATA[
@MyAccount_AccountDetail_feature @smoketest
Scenario Outline: Update my account page related info # src/test/resources/Features/myaccount/001.myaccount.accdetails.feature:31
browser value is: chrome
==========  Register Page Functionality =============
Inside Steps - user is on Home Page
  Given user is on Home Page                          # StepDefinition.RegisterSteps.user_is_on_home_page()
Inside Steps - user click on Myaccount link
ChromeDriver: chrome on LINUX (b2106769ebfb91145be7acf521b3d103)
  When user click on Myaccount link                   # StepDefinition.RegisterSteps.user_click_on_myaccount_link()
Inside Steps - user navigate to Register Page
My Account – Automation Practice Site
  Then user navigate to Register Page                 # StepDefinition.RegisterSteps.user_navigate_to_Register_Page()
Inside Steps - user has enter emailid & password
WIKVFONQEA@gmail.com wbKW98&^
  When user has enter "<emailid>" & "<password>"      # StepDefinition.LoginSteps.user_has_enter_emailid_password(java.lang.String,java.lang.String)
Inside Steps - click on login button
  And click on login button                           # StepDefinition.LoginSteps.click_on_login_button()
Inside Steps - user navigate to myaccount page
true
Signout link shows
  Then user navigate to myaccount page                # StepDefinition.RegisterSteps.user_navigate_to_myaccount_page()
Inside Steps - click on Accountdetail link
My Account – Automation Practice Site
  And click on Accountdetail link                     # StepDefinition.MyAccountsteps.click_on_Accountdetail_link()
Inside Steps - user has enter firstname & lastname
  When user has entered profiledata "Preyas" & "Rana" # StepDefinition.MyAccountsteps.user_has_entered_profiledata_firstname_lastname(java.lang.String,java.lang.String)
Inside Steps - click on savechanges button
Account details changed successfully.
  And click on savechanges button                     # StepDefinition.MyAccountsteps.click_on_savechanges_button()
]]></system-out>
    <system-err><![CDATA[Apr 29, 2022 10:57:32 AM tech.grasshopper.pdf.PDFCucumberReport collectReportConfiguration
INFO: PDF report configuration YAML file not found. Using default settings.
┌──────────────────────────────────────────────────────────────────────────┐
│ View your Cucumber Report at:                                            │
│ https://reports.cucumber.io/reports/3d1ae51d-b80b-4bc6-a484-639085441659 │
│                                                                          │
│ This report will self-destruct in 24h.                                   │
│ Keep reports forever: https://reports.cucumber.io/profile                │
└──────────────────────────────────────────────────────────────────────────┘Starting ChromeDriver 100.0.4896.60 (6a5d10861ce8de5fce22564658033b43cb7de047-refs/branch-heads/4896@{#875}) on port 55454
Only local connections are allowed.
Please see https://chromedriver.chromium.org/security-considerations for suggestions on keeping ChromeDriver safe.
ChromeDriver was started successfully.
[1651210056.222][WARNING]: This version of ChromeDriver has not been tested with Chrome version 101.
Apr 29, 2022 10:57:37 AM org.openqa.selenium.remote.ProtocolHandshake createSession
INFO: Detected dialect: W3C
Apr 29, 2022 10:57:37 AM org.openqa.selenium.devtools.CdpVersionFinder findNearestMatch
WARNING: Unable to find an exact match for CDP version 101, so returning the closest version found: 99
Apr 29, 2022 10:57:37 AM org.openqa.selenium.devtools.CdpVersionFinder findNearestMatch
INFO: Found CDP implementation for version 101 of 99
]]></system-err>
  </testcase>
  <testcase name="runScenario[&quot;Verify My account page for billing address functionality&quot;, &quot;feature to My account Page on Address(billing/shipping) functionality&quot;](2)" classname="Runners.MyAccount_Runner" time="45.828">
    <system-out><![CDATA[
@MyAccount_Address_feature @smoketest
Scenario: Verify My account page for billing address functionality # src/test/resources/Features/myaccount/002.myaccount.address.feature:8
browser value is: chrome
==========  Register Page Functionality =============
Inside Steps - user is on Home Page
  Given user is on Home Page                                       # StepDefinition.RegisterSteps.user_is_on_home_page()
Inside Steps - user click on Myaccount link
ChromeDriver: chrome on LINUX (ab379efa4d9cc8805a5cfd56320fd06b)
  When user click on Myaccount link                                # StepDefinition.RegisterSteps.user_click_on_myaccount_link()
Inside Steps - user navigate to Register Page
My Account – Automation Practice Site
  Then user navigate to Register Page                              # StepDefinition.RegisterSteps.user_navigate_to_Register_Page()
Inside Steps - user has enter emailid & password
WIKVFONQEA@gmail.com wbKW98&^
  When user has enter "<emailid>" & "<password>"                   # StepDefinition.LoginSteps.user_has_enter_emailid_password(java.lang.String,java.lang.String)
Inside Steps - click on login button
  And click on login button                                        # StepDefinition.LoginSteps.click_on_login_button()
Inside Steps - user navigate to myaccount page
true
Signout link shows
  Then user navigate to myaccount page                             # StepDefinition.RegisterSteps.user_navigate_to_myaccount_page()
Inside Steps - click on Address link
My Account – Automation Practice Site
The following addresses will be used on the checkout page by default.
  And click on Address link                                        # StepDefinition.MyAccountsteps.click_on_Address_link()
]]></system-out>
    <system-err><![CDATA[Starting ChromeDriver 100.0.4896.60 (6a5d10861ce8de5fce22564658033b43cb7de047-refs/branch-heads/4896@{#875}) on port 55147
Only local connections are allowed.
Please see https://chromedriver.chromium.org/security-considerations for suggestions on keeping ChromeDriver safe.
ChromeDriver was started successfully.
[1651210101.284][WARNING]: This version of ChromeDriver has not been tested with Chrome version 101.
Apr 29, 2022 10:58:22 AM org.openqa.selenium.remote.ProtocolHandshake createSession
INFO: Detected dialect: W3C
Apr 29, 2022 10:58:22 AM org.openqa.selenium.devtools.CdpVersionFinder findNearestMatch
WARNING: Unable to find an exact match for CDP version 101, so returning the closest version found: 99
Apr 29, 2022 10:58:22 AM org.openqa.selenium.devtools.CdpVersionFinder findNearestMatch
INFO: Found CDP implementation for version 101 of 99
]]></system-err>
  </testcase>
  <testcase name="runScenario[&quot;Verify billing &amp; Shipping address Edit(navigation) click functionality&quot;, &quot;feature to My account Page on Address(billing/shipping) functionality&quot;](3)" classname="Runners.MyAccount_Runner" time="60.404">
    <system-out><![CDATA[
@MyAccount_Address_feature @smoketest
Scenario: Verify billing & Shipping address Edit(navigation) click functionality # src/test/resources/Features/myaccount/002.myaccount.address.feature:18
browser value is: chrome
==========  Register Page Functionality =============
Inside Steps - user is on Home Page
  Given user is on Home Page                                                     # StepDefinition.RegisterSteps.user_is_on_home_page()
Inside Steps - user click on Myaccount link
ChromeDriver: chrome on LINUX (7be5a9e404adce6d168128268dd8d5c2)
  When user click on Myaccount link                                              # StepDefinition.RegisterSteps.user_click_on_myaccount_link()
Inside Steps - user navigate to Register Page
My Account – Automation Practice Site
  Then user navigate to Register Page                                            # StepDefinition.RegisterSteps.user_navigate_to_Register_Page()
Inside Steps - user has enter emailid & password
WIKVFONQEA@gmail.com wbKW98&^
  When user has enter "<emailid>" & "<password>"                                 # StepDefinition.LoginSteps.user_has_enter_emailid_password(java.lang.String,java.lang.String)
Inside Steps - click on login button
  And click on login button                                                      # StepDefinition.LoginSteps.click_on_login_button()
Inside Steps - user navigate to myaccount page
true
Signout link shows
  Then user navigate to myaccount page                                           # StepDefinition.RegisterSteps.user_navigate_to_myaccount_page()
Inside Steps - click on Address link
My Account – Automation Practice Site
The following addresses will be used on the checkout page by default.
  And click on Address link                                                      # StepDefinition.MyAccountsteps.click_on_Address_link()
Inside Steps - click on billing edit link
Billing Address
  And click on billing edit link                                                 # StepDefinition.MyAccountsteps.click_on_billing_edit_link()
Inside Steps - user click on browser back button
The following addresses will be used on the checkout page by default.
  Then user click on browser back button                                         # StepDefinition.MyAccountsteps.user_click_on_browser_back_button()
Inside Steps - user click on shipping edit link
Shipping Address
  And user click on shipping edit link                                           # StepDefinition.MyAccountsteps.user_click_on_shipping_edit_link()
Inside Steps - click on Address link
My Account – Automation Practice Site
The following addresses will be used on the checkout page by default.
  And click on Address link                                                      # StepDefinition.MyAccountsteps.click_on_Address_link()
]]></system-out>
    <system-err><![CDATA[Starting ChromeDriver 100.0.4896.60 (6a5d10861ce8de5fce22564658033b43cb7de047-refs/branch-heads/4896@{#875}) on port 43106
Only local connections are allowed.
Please see https://chromedriver.chromium.org/security-considerations for suggestions on keeping ChromeDriver safe.
ChromeDriver was started successfully.
[1651210147.063][WARNING]: This version of ChromeDriver has not been tested with Chrome version 101.
Apr 29, 2022 10:59:08 AM org.openqa.selenium.remote.ProtocolHandshake createSession
INFO: Detected dialect: W3C
Apr 29, 2022 10:59:08 AM org.openqa.selenium.devtools.CdpVersionFinder findNearestMatch
WARNING: Unable to find an exact match for CDP version 101, so returning the closest version found: 99
Apr 29, 2022 10:59:08 AM org.openqa.selenium.devtools.CdpVersionFinder findNearestMatch
INFO: Found CDP implementation for version 101 of 99
]]></system-err>
  </testcase>
  <testcase name="runScenario[&quot;Verify billing address on by default country functionality&quot;, &quot;feature to My account Page on Address(billing/shipping) functionality&quot;](4)" classname="Runners.MyAccount_Runner" time="45.351">
    <system-out><![CDATA[
@MyAccount_Address_feature @smoketest
Scenario: Verify billing address on by default country functionality # src/test/resources/Features/myaccount/002.myaccount.address.feature:32
browser value is: chrome
==========  Register Page Functionality =============
Inside Steps - user is on Home Page
  Given user is on Home Page                                         # StepDefinition.RegisterSteps.user_is_on_home_page()
Inside Steps - user click on Myaccount link
ChromeDriver: chrome on LINUX (5ef9cc28573ba72743e106989207799e)
  When user click on Myaccount link                                  # StepDefinition.RegisterSteps.user_click_on_myaccount_link()
Inside Steps - user navigate to Register Page
My Account – Automation Practice Site
  Then user navigate to Register Page                                # StepDefinition.RegisterSteps.user_navigate_to_Register_Page()
Inside Steps - user has enter emailid & password
WIKVFONQEA@gmail.com wbKW98&^
  When user has enter "<emailid>" & "<password>"                     # StepDefinition.LoginSteps.user_has_enter_emailid_password(java.lang.String,java.lang.String)
Inside Steps - click on login button
  And click on login button                                          # StepDefinition.LoginSteps.click_on_login_button()
Inside Steps - user navigate to myaccount page
true
Signout link shows
  Then user navigate to myaccount page                               # StepDefinition.RegisterSteps.user_navigate_to_myaccount_page()
Inside Steps - click on Address link
My Account – Automation Practice Site
The following addresses will be used on the checkout page by default.
  And click on Address link                                          # StepDefinition.MyAccountsteps.click_on_Address_link()
Inside Steps - click on billing edit link
Billing Address
  And click on billing edit link                                     # StepDefinition.MyAccountsteps.click_on_billing_edit_link()
Inside Steps - by default country show as India
India
  Then by default country show as India                              # StepDefinition.MyAccountsteps.by_default_country_show_as_India()
]]></system-out>
    <system-err><![CDATA[Starting ChromeDriver 100.0.4896.60 (6a5d10861ce8de5fce22564658033b43cb7de047-refs/branch-heads/4896@{#875}) on port 51902
Only local connections are allowed.
Please see https://chromedriver.chromium.org/security-considerations for suggestions on keeping ChromeDriver safe.
ChromeDriver was started successfully.
[1651210207.480][WARNING]: This version of ChromeDriver has not been tested with Chrome version 101.
Apr 29, 2022 11:00:08 AM org.openqa.selenium.remote.ProtocolHandshake createSession
INFO: Detected dialect: W3C
Apr 29, 2022 11:00:08 AM org.openqa.selenium.devtools.CdpVersionFinder findNearestMatch
WARNING: Unable to find an exact match for CDP version 101, so returning the closest version found: 99
Apr 29, 2022 11:00:08 AM org.openqa.selenium.devtools.CdpVersionFinder findNearestMatch
INFO: Found CDP implementation for version 101 of 99
]]></system-err>
  </testcase>
  <testcase name="runScenario[&quot;Verify country dropdown functionality&quot;, &quot;feature to My account Page on Address(billing/shipping) functionality&quot;](5)" classname="Runners.MyAccount_Runner" time="55.143">
    <system-out><![CDATA[
@MyAccount_Address_feature @smoketest
Scenario Outline: Verify country dropdown functionality             # src/test/resources/Features/myaccount/002.myaccount.address.feature:59
browser value is: chrome
==========  Register Page Functionality =============
Inside Steps - user is on Home Page
  Given user is on Home Page                                        # StepDefinition.RegisterSteps.user_is_on_home_page()
Inside Steps - user click on Myaccount link
ChromeDriver: chrome on LINUX (e2adab77f0852276260db76f28d1a49f)
  When user click on Myaccount link                                 # StepDefinition.RegisterSteps.user_click_on_myaccount_link()
Inside Steps - user navigate to Register Page
My Account – Automation Practice Site
  Then user navigate to Register Page                               # StepDefinition.RegisterSteps.user_navigate_to_Register_Page()
Inside Steps - user has enter emailid & password
WIKVFONQEA@gmail.com wbKW98&^
  When user has enter "<emailid>" & "<password>"                    # StepDefinition.LoginSteps.user_has_enter_emailid_password(java.lang.String,java.lang.String)
Inside Steps - click on login button
  And click on login button                                         # StepDefinition.LoginSteps.click_on_login_button()
Inside Steps - user navigate to myaccount page
true
Signout link shows
  Then user navigate to myaccount page                              # StepDefinition.RegisterSteps.user_navigate_to_myaccount_page()
Inside Steps - click on Address link
My Account – Automation Practice Site
The following addresses will be used on the checkout page by default.
  And click on Address link                                         # StepDefinition.MyAccountsteps.click_on_Address_link()
Inside Steps - click on billing edit link
Billing Address
  And click on billing edit link                                    # StepDefinition.MyAccountsteps.click_on_billing_edit_link()
Inside Steps - click on country dropdown
  Then click on country dropdown                                    # StepDefinition.MyAccountsteps.click_on_country_dropdown()
Inside Steps - user_enter_countryname_in_country_serachpanel Verify fetch country list
[Azerbaijan, Djibouti, Fiji, Jamaica, Japan, Jersey, Jordan, Svalbard and Jan Mayen, Tajikistan]
Actualresult[Azerbaijan, Djibouti, Fiji, Jamaica, Japan, Jersey, Jordan, Svalbard and Jan Mayen, Tajikistan]
Azerbaijan
Country value not matched :: Azerbaijan
Djibouti
Country value not matched :: Djibouti
Fiji
Country value not matched :: Fiji
Jamaica
Country value not matched :: Jamaica
Japan
Country Value matched :: Japan
Jersey
Country value not matched :: Jersey
Jordan
Country value not matched :: Jordan
Svalbard and Jan Mayen
Country value not matched :: Svalbard and Jan Mayen
Tajikistan
Country value not matched :: Tajikistan
  And user enter j in country searchpanel Verify fetch country list # StepDefinition.MyAccountsteps.user_enter_countryname_in_country_searchpanel_Verify_fetch_country_list(java.lang.String)
]]></system-out>
    <system-err><![CDATA[Starting ChromeDriver 100.0.4896.60 (6a5d10861ce8de5fce22564658033b43cb7de047-refs/branch-heads/4896@{#875}) on port 46125
Only local connections are allowed.
Please see https://chromedriver.chromium.org/security-considerations for suggestions on keeping ChromeDriver safe.
ChromeDriver was started successfully.
[1651210252.876][WARNING]: This version of ChromeDriver has not been tested with Chrome version 101.
Apr 29, 2022 11:00:53 AM org.openqa.selenium.remote.ProtocolHandshake createSession
INFO: Detected dialect: W3C
Apr 29, 2022 11:00:53 AM org.openqa.selenium.devtools.CdpVersionFinder findNearestMatch
WARNING: Unable to find an exact match for CDP version 101, so returning the closest version found: 99
Apr 29, 2022 11:00:53 AM org.openqa.selenium.devtools.CdpVersionFinder findNearestMatch
INFO: Found CDP implementation for version 101 of 99
]]></system-err>
  </testcase>
</testsuite>