<?xml version="1.0" encoding="UTF-8"?>
<testng-results skipped="0" failed="0" ignored="0" total="1" passed="1">
  <reporter-output>
  </reporter-output>
  <suite name="Default suite" duration-ms="26498" started-at="2022-05-12T16:53:36 IST" finished-at="2022-05-12T16:54:02 IST">
    <groups>
      <group name="cucumber">
        <method signature="AbstractTestNGCucumberTests.runScenario(io.cucumber.testng.PickleWrapper,io.cucumber.testng.FeatureWrapper)[pri:0, instance:Runners.Shop_Testrunner@4516af24]" name="runScenario" class="io.cucumber.testng.AbstractTestNGCucumberTests"/>
      </group> <!-- cucumber -->
    </groups>
    <test name="Default test" duration-ms="26498" started-at="2022-05-12T16:53:36 IST" finished-at="2022-05-12T16:54:02 IST">
      <class name="Runners.Shop_Testrunner">
        <test-method status="PASS" signature="setUpClass(org.testng.ITestContext)[pri:0, instance:Runners.Shop_Testrunner@4516af24]" name="setUpClass" is-config="true" duration-ms="716" started-at="2022-05-12T16:53:36 IST" finished-at="2022-05-12T16:53:37 IST">
          <params>
            <param index="0">
              <value>
                <![CDATA[org.testng.TestRunner@6f15f52a]]>
              </value>
            </param>
          </params>
          <reporter-output>
          </reporter-output>
        </test-method> <!-- setUpClass -->
        <test-method status="PASS" signature="runScenario(io.cucumber.testng.PickleWrapper,io.cucumber.testng.FeatureWrapper)[pri:0, instance:Runners.Shop_Testrunner@4516af24]" name="runScenario" duration-ms="21932" started-at="2022-05-12T16:53:37 IST" description="Runs Cucumber Scenarios" data-provider="scenarios" finished-at="2022-05-12T16:53:59 IST">
          <params>
            <param index="0">
              <value>
                <![CDATA["Verify Shop link page redirection"]]>
              </value>
            </param>
            <param index="1">
              <value>
                <![CDATA["feature to Filter by Price test functionality"]]>
              </value>
            </param>
          </params>
          <reporter-output>
          </reporter-output>
        </test-method> <!-- runScenario -->
        <test-method status="PASS" signature="tearDownClass()[pri:0, instance:Runners.Shop_Testrunner@4516af24]" name="tearDownClass" is-config="true" duration-ms="3814" started-at="2022-05-12T16:53:59 IST" finished-at="2022-05-12T16:54:02 IST">
          <reporter-output>
          </reporter-output>
        </test-method> <!-- tearDownClass -->
      </class> <!-- Runners.Shop_Testrunner -->
    </test> <!-- Default test -->
  </suite> <!-- Default suite -->
</testng-results>
