<?xml version="1.0" encoding="UTF-8"?>
<!-- Generated by org.testng.reporters.JUnitReportReporter -->
<testsuite skipped="0" hostname="preyas-r" name="Runners.MyAccount_Runner" tests="2" failures="1" timestamp="2022-05-02T10:29:21 IST" time="109.560" errors="0">
  <testcase name="runScenario" time="53.977" classname="Runners.MyAccount_Runner">
    <failure type="java.lang.AssertionError" message="expected [First Name *] but found [The following addresses will be used on the checkout page by default.]">
      <![CDATA[java.lang.AssertionError: expected [First Name *] but found [The following addresses will be used on the checkout page by default.]
at org.testng.Assert.fail(Assert.java:99)
at org.testng.Assert.failNotEquals(Assert.java:1037)
at org.testng.Assert.assertEqualsImpl(Assert.java:140)
at org.testng.Assert.assertEquals(Assert.java:122)
at org.testng.Assert.assertEquals(Assert.java:629)
at org.testng.Assert.assertEquals(Assert.java:639)
at StepDefinition.MyAccountsteps.user_click_on_browser_back_button(MyAccountsteps.java:98)
at ✽.user click on browser back button(file:///home/preyas.r@ah.zymrinc.com/Desktop/preyas/eclipse-workspace/git_project/src/test/resources/Features/myaccount/002.myaccount.address.feature:27)
]]>
    </failure>
  </testcase> <!-- runScenario -->
  <system-out/>
  <testcase name="runScenario" time="55.583" classname="Runners.MyAccount_Runner"/>
  <system-out/>
</testsuite> <!-- Runners.MyAccount_Runner -->
